[sites.google.com/view/msedalatzadeh/index.html]
[backblue.gif]
[fade.gif]
[index.html]
[ssl.gstatic.com/atari/images/label-maker-header-cropped.jpg]
[ssl.gstatic.com/docs/common/cleardot.gif]
[apis.google.com/js/clientc932.js]
[www.google-analytics.com/analytics.js]
[sites.google.com/view/msedalatzadeh/home.html]
[sites.google.com/view/msedalatzadeh/programming.html]
[sites.google.com/view/msedalatzadeh/research.html]
[sites.google.com/view/msedalatzadeh/teaching.html]
[sites.google.com/view/msedalatzadeh/contact.html]
[sites.google.com/view/msedalatzadeh/more.html]
[sites.google.com/view/msedalatzadeh/more/learning-instruments.html]
[sites.google.com/view/msedalatzadeh/more/learning-instruments/piano.html]
[sites.google.com/view/msedalatzadeh/more/learning-instruments/cello.html]
[sites.google.com/view/msedalatzadeh/index.html]
[sites.google.com/view/msedalatzadeh/home.html]
[sites.google.com/view/msedalatzadeh/programming.html]
[sites.google.com/view/msedalatzadeh/more/travel.html]
[www.google.com/images/icons/product/drive-32.png]
[sites.google.com/view/msedalatzadeh/research.html]
[sites.google.com/view/msedalatzadeh/teaching.html]
[sites.google.com/view/msedalatzadeh/contact.html]
[sites.google.com/view/msedalatzadeh/more.html]
[sites.google.com/view/msedalatzadeh/more/learning-instruments.html]
[sites.google.com/view/msedalatzadeh/more/learning-instruments/piano.html]
[sites.google.com/view/msedalatzadeh/more/learning-instruments/cello.html]
[sites.google.com/view/msedalatzadeh/more/travel.html]
